<?xml version="1.0" encoding="UTF-8"?>
<!-- Generated by org.testng.reporters.JUnitReportReporter -->
<testsuite skipped="0" hostname="FINS-TWS-015" name="MSB" tests="1" failures="0" timestamp="2021-02-19T13:29:46 IST" time="5.000" errors="0">
  <testcase name="MobileNumber" time="5.000" classname="MSB"/>
  <system-out/>
</testsuite> <!-- MSB -->
